1715537878.164427 client started (47319): version master, socket /tmp/tmux-1000/default, protocol 8
1715537878.164552 on Linux 6.6.26-1-MANJARO #1 SMP PREEMPT_DYNAMIC Wed Apr 10 20:11:08 UTC 2024; libevent 2.0.21-stable (poll)
1715537878.164695 socket is /tmp/tmux-1000/default
1715537878.164753 trying connect
1715537878.165044 add peer 0x1813120: 6 ((nil))
1715537878.165260 sending message 100 to peer 0x1813120 (4 bytes)
1715537878.165291 sending message 101 to peer 0x1813120 (10 bytes)
1715537878.165307 sending message 102 to peer 0x1813120 (11 bytes)
1715537878.165321 sending message 108 to peer 0x1813120 (23 bytes)
1715537878.165341 sending message 104 to peer 0x1813120 (0 bytes)
1715537878.165354 sending message 107 to peer 0x1813120 (4 bytes)
1715537878.165366 sending message 105 to peer 0x1813120 (19 bytes)
1715537878.165378 sending message 105 to peer 0x1813120 (32 bytes)
1715537878.165390 sending message 105 to peer 0x1813120 (90 bytes)
1715537878.165403 sending message 105 to peer 0x1813120 (101 bytes)
1715537878.165415 sending message 105 to peer 0x1813120 (18 bytes)
1715537878.165427 sending message 105 to peer 0x1813120 (17 bytes)
1715537878.165439 sending message 105 to peer 0x1813120 (81 bytes)
1715537878.165451 sending message 105 to peer 0x1813120 (61 bytes)
1715537878.165464 sending message 105 to peer 0x1813120 (20 bytes)
1715537878.165476 sending message 105 to peer 0x1813120 (131 bytes)
1715537878.165488 sending message 105 to peer 0x1813120 (8 bytes)
1715537878.165500 sending message 105 to peer 0x1813120 (58 bytes)
1715537878.165512 sending message 105 to peer 0x1813120 (63 bytes)
1715537878.165525 sending message 105 to peer 0x1813120 (29 bytes)
1715537878.165538 sending message 105 to peer 0x1813120 (48 bytes)
1715537878.165550 sending message 105 to peer 0x1813120 (23 bytes)
1715537878.165562 sending message 105 to peer 0x1813120 (20 bytes)
1715537878.165573 sending message 105 to peer 0x1813120 (37 bytes)
1715537878.165585 sending message 105 to peer 0x1813120 (51 bytes)
1715537878.165597 sending message 105 to peer 0x1813120 (19 bytes)
1715537878.165608 sending message 105 to peer 0x1813120 (23 bytes)
1715537878.165620 sending message 105 to peer 0x1813120 (24 bytes)
1715537878.165632 sending message 105 to peer 0x1813120 (77 bytes)
1715537878.165644 sending message 105 to peer 0x1813120 (16 bytes)
1715537878.165655 sending message 105 to peer 0x1813120 (15 bytes)
1715537878.165667 sending message 105 to peer 0x1813120 (32 bytes)
1715537878.165679 sending message 105 to peer 0x1813120 (15 bytes)
1715537878.165691 sending message 105 to peer 0x1813120 (15 bytes)
1715537878.165703 sending message 105 to peer 0x1813120 (27 bytes)
1715537878.165715 sending message 105 to peer 0x1813120 (24 bytes)
1715537878.165726 sending message 105 to peer 0x1813120 (16 bytes)
1715537878.165738 sending message 105 to peer 0x1813120 (21 bytes)
1715537878.165750 sending message 105 to peer 0x1813120 (41 bytes)
1715537878.165762 sending message 105 to peer 0x1813120 (42 bytes)
1715537878.165774 sending message 105 to peer 0x1813120 (22 bytes)
1715537878.165797 sending message 105 to peer 0x1813120 (31 bytes)
1715537878.165810 sending message 105 to peer 0x1813120 (38 bytes)
1715537878.165822 sending message 105 to peer 0x1813120 (47 bytes)
1715537878.165834 sending message 105 to peer 0x1813120 (66 bytes)
1715537878.165846 sending message 105 to peer 0x1813120 (15 bytes)
1715537878.165857 sending message 105 to peer 0x1813120 (90 bytes)
1715537878.165869 sending message 105 to peer 0x1813120 (19 bytes)
1715537878.165881 sending message 105 to peer 0x1813120 (21 bytes)
1715537878.165892 sending message 105 to peer 0x1813120 (17 bytes)
1715537878.165905 sending message 105 to peer 0x1813120 (1817 bytes)
1715537878.165941 sending message 105 to peer 0x1813120 (24 bytes)
1715537878.165954 sending message 105 to peer 0x1813120 (76 bytes)
1715537878.165967 sending message 105 to peer 0x1813120 (138 bytes)
1715537878.165979 sending message 105 to peer 0x1813120 (16 bytes)
1715537878.165991 sending message 105 to peer 0x1813120 (24 bytes)
1715537878.166027 sending message 105 to peer 0x1813120 (42 bytes)
1715537878.166040 sending message 105 to peer 0x1813120 (52 bytes)
1715537878.166052 sending message 105 to peer 0x1813120 (47 bytes)
1715537878.166064 sending message 105 to peer 0x1813120 (16 bytes)
1715537878.166076 sending message 105 to peer 0x1813120 (13 bytes)
1715537878.166088 sending message 105 to peer 0x1813120 (14 bytes)
1715537878.166100 sending message 105 to peer 0x1813120 (21 bytes)
1715537878.166112 sending message 105 to peer 0x1813120 (56 bytes)
1715537878.166124 sending message 105 to peer 0x1813120 (27 bytes)
1715537878.166136 sending message 105 to peer 0x1813120 (23 bytes)
1715537878.166148 sending message 105 to peer 0x1813120 (15 bytes)
1715537878.166159 sending message 105 to peer 0x1813120 (30 bytes)
1715537878.166171 sending message 105 to peer 0x1813120 (29 bytes)
1715537878.166183 sending message 105 to peer 0x1813120 (13 bytes)
1715537878.166204 sending message 105 to peer 0x1813120 (19 bytes)
1715537878.166223 sending message 105 to peer 0x1813120 (22 bytes)
1715537878.166235 sending message 105 to peer 0x1813120 (34 bytes)
1715537878.166247 sending message 105 to peer 0x1813120 (17 bytes)
1715537878.166259 sending message 105 to peer 0x1813120 (11 bytes)
1715537878.166271 sending message 105 to peer 0x1813120 (8 bytes)
1715537878.166283 sending message 105 to peer 0x1813120 (16 bytes)
1715537878.166295 sending message 105 to peer 0x1813120 (84 bytes)
1715537878.166307 sending message 105 to peer 0x1813120 (11 bytes)
1715537878.166319 sending message 105 to peer 0x1813120 (65 bytes)
1715537878.166331 sending message 105 to peer 0x1813120 (25 bytes)
1715537878.166343 sending message 105 to peer 0x1813120 (27 bytes)
1715537878.166355 sending message 105 to peer 0x1813120 (11 bytes)
1715537878.166367 sending message 105 to peer 0x1813120 (17 bytes)
1715537878.166379 sending message 105 to peer 0x1813120 (35 bytes)
1715537878.166391 sending message 105 to peer 0x1813120 (28 bytes)
1715537878.166402 sending message 105 to peer 0x1813120 (31 bytes)
1715537878.166414 sending message 105 to peer 0x1813120 (28 bytes)
1715537878.166426 sending message 105 to peer 0x1813120 (50 bytes)
1715537878.166438 sending message 105 to peer 0x1813120 (20 bytes)
1715537878.166450 sending message 105 to peer 0x1813120 (31 bytes)
1715537878.166462 sending message 105 to peer 0x1813120 (15 bytes)
1715537878.166474 sending message 105 to peer 0x1813120 (30 bytes)
1715537878.166486 sending message 105 to peer 0x1813120 (23 bytes)
1715537878.166498 sending message 105 to peer 0x1813120 (34 bytes)
1715537878.166510 sending message 105 to peer 0x1813120 (30 bytes)
1715537878.166522 sending message 105 to peer 0x1813120 (145 bytes)
1715537878.166534 sending message 105 to peer 0x1813120 (22 bytes)
1715537878.166546 sending message 105 to peer 0x1813120 (370 bytes)
1715537878.166559 sending message 105 to peer 0x1813120 (39 bytes)
1715537878.166571 sending message 105 to peer 0x1813120 (54 bytes)
1715537878.166583 sending message 105 to peer 0x1813120 (28 bytes)
1715537878.166595 sending message 105 to peer 0x1813120 (15 bytes)
1715537878.166607 sending message 105 to peer 0x1813120 (54 bytes)
1715537878.166619 sending message 105 to peer 0x1813120 (29 bytes)
1715537878.166630 sending message 105 to peer 0x1813120 (29 bytes)
1715537878.166642 sending message 105 to peer 0x1813120 (23 bytes)
1715537878.166654 sending message 105 to peer 0x1813120 (21 bytes)
1715537878.166666 sending message 105 to peer 0x1813120 (16 bytes)
1715537878.166678 sending message 106 to peer 0x1813120 (0 bytes)
1715537878.166691 sending message 200 to peer 0x1813120 (4 bytes)
1715537878.166703 client loop enter
1715537878.167860 peer 0x1813120 message 211
1715537878.167926 peer 0x1813120 message 203
1715537878.167943 client loop exit
